<?xml version="1.0" encoding="UTF-8"?>
<testsuites name="test all" time="2" tests="0" failures="1" errors="0">
   <testsuite name="test all" tests="0" failures="1" errors="0" time="2" timestamp="2018-05-13 14:36:47" hostname="chamn - DESKTOP-F3IDNQP" id="Test Suites/test all">
      <properties>
         <property name="deviceName" value=""/>
         <property name="devicePlatform" value=""/>
         <property name="logFolder" value="C:\\Users\\chamn\\Desktop\\New folder\\234project-frontend-test\\Reports\\test all\\20180513_143644"/>
         <property name="logFiles" value="C:\\Users\\chamn\\Desktop\\New folder\\234project-frontend-test\\Reports\\test all\\20180513_143644\\execution0.log"/>
         <property name="attachments" value=""/>
         <property name="hostName" value="chamn - DESKTOP-F3IDNQP"/>
         <property name="hostAddress" value="10.0.75.1"/>
         <property name="os" value="Windows 10 64bit"/>
         <property name="katalonVersion" value="5.4.1.1"/>
      </properties>
      <testcase name="Test Cases/admin login" classname="Test Cases/admin login" status="FAILED">
         <failure type="FAILED" message="Unable to open browser with url: '' (Root cause: org.openqa.selenium.WebDriverException: Cannot find firefox binary in PATH. Make sure firefox is installed. OS appears to be: WIN10
Build info: version: '3.7.1', revision: '8a0099a', time: '2017-11-06T21:07:36.161Z'
System info: host: 'DESKTOP-F3IDNQP', ip: '10.0.75.1', os.name: 'Windows 10', os.arch: 'amd64', os.version: '10.0', java.version: '1.8.0_102'
Driver info: driver.version: unknown)"/>
         <system-out><![CDATA[2018-05-13 14:36:47 - [TEST_CASE][FAILED] - Test Cases/admin login: Test Cases/admin login FAILED because (of) Unable to open browser with url: '' (Root cause: org.openqa.selenium.WebDriverException: Cannot find firefox binary in PATH. Make sure firefox is installed. OS appears to be: WIN10
Build info: version: '3.7.1', revision: '8a0099a', time: '2017-11-06T21:07:36.161Z'
System info: host: 'DESKTOP-F3IDNQP', ip: '10.0.75.1', os.name: 'Windows 10', os.arch: 'amd64', os.version: '10.0', java.version: '1.8.0_102'
Driver info: driver.version: unknown)

2018-05-13 14:36:48 - [TEST_STEP][FAILED] - openBrowser: Unable to open browser with url: '' (Root cause: org.openqa.selenium.WebDriverException: Cannot find firefox binary in PATH. Make sure firefox is installed. OS appears to be: WIN10
Build info: version: '3.7.1', revision: '8a0099a', time: '2017-11-06T21:07:36.161Z'
System info: host: 'DESKTOP-F3IDNQP', ip: '10.0.75.1', os.name: 'Windows 10', os.arch: 'amd64', os.version: '10.0', java.version: '1.8.0_102'
Driver info: driver.version: unknown)

2018-05-13 14:36:48 - [MESSAGE][FAILED] - Unable to open browser with url: '' (Root cause: org.openqa.selenium.WebDriverException: Cannot find firefox binary in PATH. Make sure firefox is installed. OS appears to be: WIN10
Build info: version: '3.7.1', revision: '8a0099a', time: '2017-11-06T21:07:36.161Z'
System info: host: 'DESKTOP-F3IDNQP', ip: '10.0.75.1', os.name: 'Windows 10', os.arch: 'amd64', os.version: '10.0', java.version: '1.8.0_102'
Driver info: driver.version: unknown)]]></system-out>
         <system-err><![CDATA[2018-05-13 14:36:47 - [TEST_CASE][FAILED] - Test Cases/admin login: Test Cases/admin login FAILED because (of) Unable to open browser with url: '' (Root cause: org.openqa.selenium.WebDriverException: Cannot find firefox binary in PATH. Make sure firefox is installed. OS appears to be: WIN10
Build info: version: '3.7.1', revision: '8a0099a', time: '2017-11-06T21:07:36.161Z'
System info: host: 'DESKTOP-F3IDNQP', ip: '10.0.75.1', os.name: 'Windows 10', os.arch: 'amd64', os.version: '10.0', java.version: '1.8.0_102'
Driver info: driver.version: unknown)]]></system-err>
      </testcase>
      <system-out><![CDATA[2018-05-13 14:36:47 - [TEST_SUITE][FAILED] - test all: Test Cases/admin login FAILED because (of) Unable to open browser with url: '' (Root cause: org.openqa.selenium.WebDriverException: Cannot find firefox binary in PATH. Make sure firefox is installed. OS appears to be: WIN10
Build info: version: '3.7.1', revision: '8a0099a', time: '2017-11-06T21:07:36.161Z'
System info: host: 'DESKTOP-F3IDNQP', ip: '10.0.75.1', os.name: 'Windows 10', os.arch: 'amd64', os.version: '10.0', java.version: '1.8.0_102'
Driver info: driver.version: unknown)]]></system-out>
      <system-err><![CDATA[2018-05-13 14:36:47 - [TEST_SUITE][FAILED] - test all: Test Cases/admin login FAILED because (of) Unable to open browser with url: '' (Root cause: org.openqa.selenium.WebDriverException: Cannot find firefox binary in PATH. Make sure firefox is installed. OS appears to be: WIN10
Build info: version: '3.7.1', revision: '8a0099a', time: '2017-11-06T21:07:36.161Z'
System info: host: 'DESKTOP-F3IDNQP', ip: '10.0.75.1', os.name: 'Windows 10', os.arch: 'amd64', os.version: '10.0', java.version: '1.8.0_102'
Driver info: driver.version: unknown)]]></system-err>
   </testsuite>
</testsuites>
